0 info it worked if it ends with ok
1 verbose cli [ 'C:\\Program Files\\nodejs\\node.exe',
1 verbose cli   'C:\\Program Files\\nodejs\\node_modules\\npm\\bin\\npm-cli.js',
1 verbose cli   'publish' ]
2 info using npm@3.10.9
3 info using node@v6.9.2
4 verbose publish [ '.' ]
5 silly cache add args [ '.', null ]
6 verbose cache add spec .
7 silly cache add parsed spec Result {
7 silly cache add   raw: '.',
7 silly cache add   scope: null,
7 silly cache add   escapedName: null,
7 silly cache add   name: null,
7 silly cache add   rawSpec: '.',
7 silly cache add   spec: 'F:\\assets\\cordova-plugin-dialer',
7 silly cache add   type: 'directory' }
8 verbose addLocalDirectory C:\Users\Administrator\AppData\Roaming\npm-cache\cordova-plugin-dialer\0.5.5\package.tgz not in flight; packing
9 verbose correctMkdir C:\Users\Administrator\AppData\Roaming\npm-cache correctMkdir not in flight; initializing
10 info lifecycle cordova-plugin-dialer@0.5.5~prepublish: cordova-plugin-dialer@0.5.5
11 silly lifecycle cordova-plugin-dialer@0.5.5~prepublish: no script for prepublish, continuing
12 verbose tar pack [ 'C:\\Users\\Administrator\\AppData\\Roaming\\npm-cache\\cordova-plugin-dialer\\0.5.5\\package.tgz',
12 verbose tar pack   'F:\\assets\\cordova-plugin-dialer' ]
13 verbose tarball C:\Users\Administrator\AppData\Roaming\npm-cache\cordova-plugin-dialer\0.5.5\package.tgz
14 verbose folder F:\assets\cordova-plugin-dialer
15 verbose addLocalTarball adding from inside cache C:\Users\Administrator\AppData\Roaming\npm-cache\cordova-plugin-dialer\0.5.5\package.tgz
16 verbose correctMkdir C:\Users\Administrator\AppData\Roaming\npm-cache correctMkdir not in flight; initializing
17 silly cache afterAdd cordova-plugin-dialer@0.5.5
18 verbose afterAdd C:\Users\Administrator\AppData\Roaming\npm-cache\cordova-plugin-dialer\0.5.5\package\package.json not in flight; writing
19 verbose correctMkdir C:\Users\Administrator\AppData\Roaming\npm-cache correctMkdir not in flight; initializing
20 verbose afterAdd C:\Users\Administrator\AppData\Roaming\npm-cache\cordova-plugin-dialer\0.5.5\package\package.json written
21 silly publish { name: 'cordova-plugin-dialer',
21 silly publish   version: '0.5.5',
21 silly publish   description: 'a cordova plugin to call phone dialer',
21 silly publish   cordova: { id: 'cordova-plugin-dialer', platforms: [ 'ios', 'android' ] },
21 silly publish   repository:
21 silly publish    { type: 'git',
21 silly publish      url: 'git+ssh://git@github.com/mulberryx/cordova-plugin-dialer.git' },
21 silly publish   keywords:
21 silly publish    [ 'cordova',
21 silly publish      'ios',
21 silly publish      'android',
21 silly publish      'dialer',
21 silly publish      'tel',
21 silly publish      'ecosystem:cordova',
21 silly publish      'cordova-ios',
21 silly publish      'cordova-android' ],
21 silly publish   engines: [ { name: 'cordova', version: '>=4.0.0' } ],
21 silly publish   license: 'MIT',
21 silly publish   homepage: 'https://github.com/mulberryx/cordova-plugin-dialer#readme',
21 silly publish   bugs: { url: 'https://github.com/mulberryx/cordova-plugin-dialer/issues' },
21 silly publish   readme: '## ios-dialer\n\n### a cordova plugin, to call the phone dialer\n### warning: version 0.5.5 is not tested\n\n* PhoneDialer.call(phone_number, onSuccess, onError);\n    \n* PhoneDialer.dial(phone_number, onSuccess, onError);\n\n### LICENSE\n\n[MIT LICENSE](http://opensource.org/licenses/MIT)\n',
21 silly publish   readmeFilename: 'README.md',
21 silly publish   gitHead: '938baa8034270108f0ad2ea6665f7d61424a04f9',
21 silly publish   _id: 'cordova-plugin-dialer@0.5.5',
21 silly publish   scripts: {},
21 silly publish   _shasum: '6c000de220d228f8c7c4ec44a7d35c7df3a2dc7b',
21 silly publish   _from: '.' }
22 verbose getPublishConfig undefined
23 silly mapToRegistry name cordova-plugin-dialer
24 silly mapToRegistry using default registry
25 silly mapToRegistry registry https://registry.npmjs.org/
26 silly mapToRegistry data Result {
26 silly mapToRegistry   raw: 'cordova-plugin-dialer',
26 silly mapToRegistry   scope: null,
26 silly mapToRegistry   escapedName: 'cordova-plugin-dialer',
26 silly mapToRegistry   name: 'cordova-plugin-dialer',
26 silly mapToRegistry   rawSpec: '',
26 silly mapToRegistry   spec: 'latest',
26 silly mapToRegistry   type: 'tag' }
27 silly mapToRegistry uri https://registry.npmjs.org/cordova-plugin-dialer
28 verbose publish registryBase https://registry.npmjs.org/
29 silly publish uploading C:\Users\Administrator\AppData\Roaming\npm-cache\cordova-plugin-dialer\0.5.5\package.tgz
30 verbose request uri https://registry.npmjs.org/cordova-plugin-dialer
31 verbose request sending authorization for write operation
32 info attempt registry request try #1 at 12:11:40
33 verbose request using bearer token for auth
34 verbose request id c2ef999288d94f22
35 http request PUT https://registry.npmjs.org/cordova-plugin-dialer
36 http 403 https://registry.npmjs.org/cordova-plugin-dialer
37 verbose headers { 'content-type': 'application/json',
37 verbose headers   'cache-control': 'max-age=300',
37 verbose headers   'content-length': '95',
37 verbose headers   'accept-ranges': 'bytes',
37 verbose headers   date: 'Thu, 15 Dec 2016 04:06:33 GMT',
37 verbose headers   via: '1.1 varnish',
37 verbose headers   connection: 'keep-alive',
37 verbose headers   'x-served-by': 'cache-lcy1148-LCY',
37 verbose headers   'x-cache': 'MISS',
37 verbose headers   'x-cache-hits': '0',
37 verbose headers   'x-timer': 'S1481774792.836389,VS0,VE791',
37 verbose headers   vary: 'Accept-Encoding' }
38 verbose request invalidating C:\Users\Administrator\AppData\Roaming\npm-cache\registry.npmjs.org\cordova-plugin-dialer on PUT
39 error publish Failed PUT 403
40 verbose stack Error: "You cannot publish over the previously published version 0.5.5." : cordova-plugin-dialer
40 verbose stack     at makeError (C:\Program Files\nodejs\node_modules\npm\node_modules\npm-registry-client\lib\request.js:302:12)
40 verbose stack     at CachingRegistryClient.<anonymous> (C:\Program Files\nodejs\node_modules\npm\node_modules\npm-registry-client\lib\request.js:290:14)
40 verbose stack     at Request._callback (C:\Program Files\nodejs\node_modules\npm\node_modules\npm-registry-client\lib\request.js:210:14)
40 verbose stack     at Request.self.callback (C:\Program Files\nodejs\node_modules\npm\node_modules\request\request.js:187:22)
40 verbose stack     at emitTwo (events.js:106:13)
40 verbose stack     at Request.emit (events.js:191:7)
40 verbose stack     at Request.<anonymous> (C:\Program Files\nodejs\node_modules\npm\node_modules\request\request.js:1048:10)
40 verbose stack     at emitOne (events.js:96:13)
40 verbose stack     at Request.emit (events.js:188:7)
40 verbose stack     at IncomingMessage.<anonymous> (C:\Program Files\nodejs\node_modules\npm\node_modules\request\request.js:969:12)
41 verbose statusCode 403
42 verbose pkgid cordova-plugin-dialer
43 verbose cwd F:\assets\cordova-plugin-dialer
44 error Windows_NT 6.1.7601
45 error argv "C:\\Program Files\\nodejs\\node.exe" "C:\\Program Files\\nodejs\\node_modules\\npm\\bin\\npm-cli.js" "publish"
46 error node v6.9.2
47 error npm  v3.10.9
48 error code E403
49 error "You cannot publish over the previously published version 0.5.5." : cordova-plugin-dialer
50 error If you need help, you may report this error at:
50 error     <https://github.com/npm/npm/issues>
51 verbose exit [ 1, true ]
